[2018-08-30 11:57:40] local.ERROR: Route [search-results] not defined. (View: D:\Work\thinkIT\matibabu dashboard\solution\resources\views\scripts\search-results.blade.php) (View: D:\Work\thinkIT\matibabu dashboard\solution\resources\views\scripts\search-results.blade.php) {"userId":1,"email":"admin@admin.com","exception":"[object] (ErrorException(code: 0): Route [search-results] not defined. (View: D:\\Work\\thinkIT\\matibabu dashboard\\solution\esources\\views\\scripts\\search-results.blade.php) (View: D:\\Work\\thinkIT\\matibabu dashboard\\solution\esources\\views\\scripts\\search-results.blade.php) at D:\\Work\\thinkIT\\matibabu dashboard\\solution\\vendor\\laravel\\framework\\src\\Illuminate\\Routing\\UrlGenerator.php:372, ErrorException(code: 0): Route [search-results] not defined. (View: D:\\Work\\thinkIT\\matibabu dashboard\\solution\esources\\views\\scripts\\search-results.blade.php) at D:\\Work\\thinkIT\\matibabu dashboard\\solution\\vendor\\laravel\\framework\\src\\Illuminate\\Routing\\UrlGenerator.php:372, InvalidArgumentException(code: 0): Route [search-results] not defined. at D:\\Work\\thinkIT\\matibabu dashboard\\solution\\vendor\\laravel\\framework\\src\\Illuminate\\Routing\\UrlGenerator.php:372)
[stacktrace]
#0 D:\\Work\\thinkIT\\matibabu dashboard\\solution\\vendor\\laravel\\framework\\src\\Illuminate\\View\\Engines\\PhpEngine.php(45): Illuminate\\View\\Engines\\CompilerEngine->handleViewException(Object(ErrorException), 1)
#1 D:\\Work\\thinkIT\\matibabu dashboard\\solution\\vendor\\laravel\\framework\\src\\Illuminate\\View\\Engines\\CompilerEngine.php(59): Illuminate\\View\\Engines\\PhpEngine->evaluatePath('D:\\\\Work\\\\thinkIT...', Array)
#2 D:\\Work\\thinkIT\\matibabu dashboard\\solution\\vendor\\laravel\\framework\\src\\Illuminate\\View\\View.php(142): Illuminate\\View\\Engines\\CompilerEngine->get('D:\\\\Work\\\\thinkIT...', Array)
#3 D:\\Work\\thinkIT\\matibabu dashboard\\solution\\vendor\\laravel\\framework\\src\\Illuminate\\View\\View.php(125): Illuminate\\View\\View->getContents()
#4 D:\\Work\\thinkIT\\matibabu dashboard\\solution\\vendor\\laravel\\framework\\src\\Illuminate\\View\\View.php(90): Illuminate\\View\\View->renderContents()
#5 D:\\Work\\thinkIT\\matibabu dashboard\\solution\\vendor\\laravel\\framework\\src\\Illuminate\\Http\\Response.php(42): Illuminate\\View\\View->render()
#6 D:\\Work\\thinkIT\\matibabu dashboard\\solution\\vendor\\symfony\\http-foundation\\Response.php(202): Illuminate\\Http\\Response->setContent(Object(Illuminate\\View\\View))
#7 D:\\Work\\thinkIT\\matibabu dashboard\\solution\\vendor\\laravel\\framework\\src\\Illuminate\\Routing\\Router.php(733): Symfony\\Component\\HttpFoundation\\Response->__construct(Object(Illuminate\\View\\View))
#8 D:\\Work\\thinkIT\\matibabu dashboard\\solution\\vendor\\laravel\\framework\\src\\Illuminate\\Routing\\Router.php(705): Illuminate\\Routing\\Router::toResponse(Object(Illuminate\\Http\\Request), Object(Illuminate\\View\\View))
#9 D:\\Work\\thinkIT\\matibabu dashboard\\solution\\vendor\\laravel\\framework\\src\\Illuminate\\Routing\\Router.php(665): Illuminate\\Routing\\Router->prepareResponse(Object(Illuminate\\Http\\Request), Object(Illuminate\\View\\View))
#10 D:\\Work\\thinkIT\\matibabu dashboard\\solution\\vendor\\laravel\\framework\\src\\Illuminate\\Routing\\Pipeline.php(30): Illuminate\\Routing\\Router->Illuminate\\Routing\\{closure}(Object(Illuminate\\Http\\Request))
#11 D:\\Work\\thinkIT\\matibabu dashboard\\solution\\vendor\\jeremykenedy\\laravel2step\\src\\app\\Http\\Middleware\\Laravel2step.php(24): Illuminate\\Routing\\Pipeline->Illuminate\\Routing\\{closure}(Object(Illuminate\\Http\\Request))
#12 D:\\Work\\thinkIT\\matibabu dashboard\\solution\\vendor\\laravel\\framework\\src\\Illuminate\\Pipeline\\Pipeline.php(151): jeremykenedy\\laravel2step\\App\\Http\\Middleware\\Laravel2step->handle(Object(Illuminate\\Http\\Request), Object(Closure))
#13 D:\\Work\\thinkIT\\matibabu dashboard\\solution\\vendor\\laravel\\framework\\src\\Illuminate\\Routing\\Pipeline.php(53): Illuminate\\Pipeline\\Pipeline->Illuminate\\Pipeline\\{closure}(Object(Illuminate\\Http\\Request))
#14 D:\\Work\\thinkIT\\matibabu dashboard\\solution\\vendor\\jeremykenedy\\laravel-logger\\src\\app\\Http\\Middleware\\LogActivity.php(27): Illuminate\\Routing\\Pipeline->Illuminate\\Routing\\{closure}(Object(Illuminate\\Http\\Request))
#15 D:\\Work\\thinkIT\\matibabu dashboard\\solution\\vendor\\laravel\\framework\\src\\Illuminate\\Pipeline\\Pipeline.php(151): jeremykenedy\\LaravelLogger\\App\\Http\\Middleware\\LogActivity->handle(Object(Illuminate\\Http\\Request), Object(Closure))
#16 D:\\Work\\thinkIT\\matibabu dashboard\\solution\\vendor\\laravel\\framework\\src\\Illuminate\\Routing\\Pipeline.php(53): Illuminate\\Pipeline\\Pipeline->Illuminate\\Pipeline\\{closure}(Object(Illuminate\\Http\\Request))
#17 D:\\Work\\thinkIT\\matibabu dashboard\\solution\\vendor\\jeremykenedy\\laravel-roles\\src\\Middleware\\VerifyRole.php(39): Illuminate\\Routing\\Pipeline->Illuminate\\Routing\\{closure}(Object(Illuminate\\Http\\Request))
#18 D:\\Work\\thinkIT\\matibabu dashboard\\solution\\vendor\\laravel\\framework\\src\\Illuminate\\Pipeline\\Pipeline.php(151): jeremykenedy\\LaravelRoles\\Middleware\\VerifyRole->handle(Object(Illuminate\\Http\\Request), Object(Closure), 'admin')
#19 D:\\Work\\thinkIT\\matibabu dashboard\\solution\\vendor\\laravel\\framework\\src\\Illuminate\\Routing\\Pipeline.php(53): Illuminate\\Pipeline\\Pipeline->Illuminate\\Pipeline\\{closure}(Object(Illuminate\\Http\\Request))
#20 D:\\Work\\thinkIT\\matibabu dashboard\\solution\\app\\Http\\Middleware\\CheckIsUserActivated.php(83): Illuminate\\Routing\\Pipeline->Illuminate\\Routing\\{closure}(Object(Illuminate\\Http\\Request))
#21 D:\\Work\\thinkIT\\matibabu dashboard\\solution\\vendor\\laravel\\framework\\src\\Illuminate\\Pipeline\\Pipeline.php(151): App\\Http\\Middleware\\CheckIsUserActivated->handle(Object(Illuminate\\Http\\Request), Object(Closure))
#22 D:\\Work\\thinkIT\\matibabu dashboard\\solution\\vendor\\laravel\\framework\\src\\Illuminate\\Routing\\Pipeline.php(53): Illuminate\\Pipeline\\Pipeline->Illuminate\\Pipeline\\{closure}(Object(Illuminate\\Http\\Request))
#23 D:\\Work\\thinkIT\\matibabu dashboard\\solution\\vendor\\laravel\\framework\\src\\Illuminate\\Routing\\Middleware\\SubstituteBindings.php(41): Illuminate\\Routing\\Pipeline->Illuminate\\Routing\\{closure}(Object(Illuminate\\Http\\Request))
#24 D:\\Work\\thinkIT\\matibabu dashboard\\solution\\vendor\\laravel\\framework\\src\\Illuminate\\Pipeline\\Pipeline.php(151): Illuminate\\Routing\\Middleware\\SubstituteBindings->handle(Object(Illuminate\\Http\\Request), Object(Closure))
#25 D:\\Work\\thinkIT\\matibabu dashboard\\solution\\vendor\\laravel\\framework\\src\\Illuminate\\Routing\\Pipeline.php(53): Illuminate\\Pipeline\\Pipeline->Illuminate\\Pipeline\\{closure}(Object(Illuminate\\Http\\Request))
#26 D:\\Work\\thinkIT\\matibabu dashboard\\solution\\vendor\\laravel\\framework\\src\\Illuminate\\Auth\\Middleware\\Authenticate.php(43): Illuminate\\Routing\\Pipeline->Illuminate\\Routing\\{closure}(Object(Illuminate\\Http\\Request))
#27 D:\\Work\\thinkIT\\matibabu dashboard\\solution\\vendor\\laravel\\framework\\src\\Illuminate\\Pipeline\\Pipeline.php(151): Illuminate\\Auth\\Middleware\\Authenticate->handle(Object(Illuminate\\Http\\Request), Object(Closure))
#28 D:\\Work\\thinkIT\\matibabu dashboard\\solution\\vendor\\laravel\\framework\\src\\Illuminate\\Routing\\Pipeline.php(53): Illuminate\\Pipeline\\Pipeline->Illuminate\\Pipeline\\{closure}(Object(Illuminate\\Http\\Request))
#29 D:\\Work\\thinkIT\\matibabu dashboard\\solution\\vendor\\laravel\\framework\\src\\Illuminate\\Foundation\\Http\\Middleware\\VerifyCsrfToken.php(68): Illuminate\\Routing\\Pipeline->Illuminate\\Routing\\{closure}(Object(Illuminate\\Http\\Request))
#30 D:\\Work\\thinkIT\\matibabu dashboard\\solution\\vendor\\laravel\\framework\\src\\Illuminate\\Pipeline\\Pipeline.php(151): Illuminate\\Foundation\\Http\\Middleware\\VerifyCsrfToken->handle(Object(Illuminate\\Http\\Request), Object(Closure))
#31 D:\\Work\\thinkIT\\matibabu dashboard\\solution\\vendor\\laravel\\framework\\src\\Illuminate\\Routing\\Pipeline.php(53): Illuminate\\Pipeline\\Pipeline->Illuminate\\Pipeline\\{closure}(Object(Illuminate\\Http\\Request))
#32 D:\\Work\\thinkIT\\matibabu dashboard\\solution\\vendor\\laravel\\framework\\src\\Illuminate\\View\\Middleware\\ShareErrorsFromSession.php(49): Illuminate\\Routing\\Pipeline->Illuminate\\Routing\\{closure}(Object(Illuminate\\Http\\Request))
#33 D:\\Work\\thinkIT\\matibabu dashboard\\solution\\vendor\\laravel\\framework\\src\\Illuminate\\Pipeline\\Pipeline.php(151): Illuminate\\View\\Middleware\\ShareErrorsFromSession->handle(Object(Illuminate\\Http\\Request), Object(Closure))
#34 D:\\Work\\thinkIT\\matibabu dashboard\\solution\\vendor\\laravel\\framework\\src\\Illuminate\\Routing\\Pipeline.php(53): Illuminate\\Pipeline\\Pipeline->Illuminate\\Pipeline\\{closure}(Object(Illuminate\\Http\\Request))
#35 D:\\Work\\thinkIT\\matibabu dashboard\\solution\\vendor\\laravel\\framework\\src\\Illuminate\\Session\\Middleware\\StartSession.php(63): Illuminate\\Routing\\Pipeline->Illuminate\\Routing\\{closure}(Object(Illuminate\\Http\\Request))
#36 D:\\Work\\thinkIT\\matibabu dashboard\\solution\\vendor\\laravel\\framework\\src\\Illuminate\\Pipeline\\Pipeline.php(151): Illuminate\\Session\\Middleware\\StartSession->handle(Object(Illuminate\\Http\\Request), Object(Closure))
#37 D:\\Work\\thinkIT\\matibabu dashboard\\solution\\vendor\\laravel\\framework\\src\\Illuminate\\Routing\\Pipeline.php(53): Illuminate\\Pipeline\\Pipeline->Illuminate\\Pipeline\\{closure}(Object(Illuminate\\Http\\Request))
#38 D:\\Work\\thinkIT\\matibabu dashboard\\solution\\vendor\\laravel\\framework\\src\\Illuminate\\Cookie\\Middleware\\AddQueuedCookiesToResponse.php(37): Illuminate\\Routing\\Pipeline->Illuminate\\Routing\\{closure}(Object(Illuminate\\Http\\Request))
#39 D:\\Work\\thinkIT\\matibabu dashboard\\solution\\vendor\\laravel\\framework\\src\\Illuminate\\Pipeline\\Pipeline.php(151): Illuminate\\Cookie\\Middleware\\AddQueuedCookiesToResponse->handle(Object(Illuminate\\Http\\Request), Object(Closure))
#40 D:\\Work\\thinkIT\\matibabu dashboard\\solution\\vendor\\laravel\\framework\\src\\Illuminate\\Routing\\Pipeline.php(53): Illuminate\\Pipeline\\Pipeline->Illuminate\\Pipeline\\{closure}(Object(Illuminate\\Http\\Request))
#41 D:\\Work\\thinkIT\\matibabu dashboard\\solution\\vendor\\laravel\\framework\\src\\Illuminate\\Cookie\\Middleware\\EncryptCookies.php(66): Illuminate\\Routing\\Pipeline->Illuminate\\Routing\\{closure}(Object(Illuminate\\Http\\Request))
#42 D:\\Work\\thinkIT\\matibabu dashboard\\solution\\vendor\\laravel\\framework\\src\\Illuminate\\Pipeline\\Pipeline.php(151): Illuminate\\Cookie\\Middleware\\EncryptCookies->handle(Object(Illuminate\\Http\\Request), Object(Closure))
#43 D:\\Work\\thinkIT\\matibabu dashboard\\solution\\vendor\\laravel\\framework\\src\\Illuminate\\Routing\\Pipeline.php(53): Illuminate\\Pipeline\\Pipeline->Illuminate\\Pipeline\\{closure}(Object(Illuminate\\Http\\Request))
#44 D:\\Work\\thinkIT\\matibabu dashboard\\solution\\vendor\\laravel\\framework\\src\\Illuminate\\Pipeline\\Pipeline.php(104): Illuminate\\Routing\\Pipeline->Illuminate\\Routing\\{closure}(Object(Illuminate\\Http\\Request))
#45 D:\\Work\\thinkIT\\matibabu dashboard\\solution\\vendor\\laravel\\framework\\src\\Illuminate\\Routing\\Router.php(667): Illuminate\\Pipeline\\Pipeline->then(Object(Closure))
#46 D:\\Work\\thinkIT\\matibabu dashboard\\solution\\vendor\\laravel\\framework\\src\\Illuminate\\Routing\\Router.php(642): Illuminate\\Routing\\Router->runRouteWithinStack(Object(Illuminate\\Routing\\Route), Object(Illuminate\\Http\\Request))
#47 D:\\Work\\thinkIT\\matibabu dashboard\\solution\\vendor\\laravel\\framework\\src\\Illuminate\\Routing\\Router.php(608): Illuminate\\Routing\\Router->runRoute(Object(Illuminate\\Http\\Request), Object(Illuminate\\Routing\\Route))
#48 D:\\Work\\thinkIT\\matibabu dashboard\\solution\\vendor\\laravel\\framework\\src\\Illuminate\\Routing\\Router.php(597): Illuminate\\Routing\\Router->dispatchToRoute(Object(Illuminate\\Http\\Request))
#49 D:\\Work\\thinkIT\\matibabu dashboard\\solution\\vendor\\laravel\\framework\\src\\Illuminate\\Foundation\\Http\\Kernel.php(176): Illuminate\\Routing\\Router->dispatch(Object(Illuminate\\Http\\Request))
#50 D:\\Work\\thinkIT\\matibabu dashboard\\solution\\vendor\\laravel\\framework\\src\\Illuminate\\Routing\\Pipeline.php(30): Illuminate\\Foundation\\Http\\Kernel->Illuminate\\Foundation\\Http\\{closure}(Object(Illuminate\\Http\\Request))
#51 D:\\Work\\thinkIT\\matibabu dashboard\\solution\\vendor\\barryvdh\\laravel-debugbar\\src\\Middleware\\InjectDebugbar.php(65): Illuminate\\Routing\\Pipeline->Illuminate\\Routing\\{closure}(Object(Illuminate\\Http\\Request))
#52 D:\\Work\\thinkIT\\matibabu dashboard\\solution\\vendor\\laravel\\framework\\src\\Illuminate\\Pipeline\\Pipeline.php(151): Barryvdh\\Debugbar\\Middleware\\InjectDebugbar->handle(Object(Illuminate\\Http\\Request), Object(Closure))
#53 D:\\Work\\thinkIT\\matibabu dashboard\\solution\\vendor\\laravel\\framework\\src\\Illuminate\\Routing\\Pipeline.php(53): Illuminate\\Pipeline\\Pipeline->Illuminate\\Pipeline\\{closure}(Object(Illuminate\\Http\\Request))
#54 D:\\Work\\thinkIT\\matibabu dashboard\\solution\\vendor\\fideloper\\proxy\\src\\TrustProxies.php(57): Illuminate\\Routing\\Pipeline->Illuminate\\Routing\\{closure}(Object(Illuminate\\Http\\Request))
#55 D:\\Work\\thinkIT\\matibabu dashboard\\solution\\vendor\\laravel\\framework\\src\\Illuminate\\Pipeline\\Pipeline.php(151): Fideloper\\Proxy\\TrustProxies->handle(Object(Illuminate\\Http\\Request), Object(Closure))
#56 D:\\Work\\thinkIT\\matibabu dashboard\\solution\\vendor\\laravel\\framework\\src\\Illuminate\\Routing\\Pipeline.php(53): Illuminate\\Pipeline\\Pipeline->Illuminate\\Pipeline\\{closure}(Object(Illuminate\\Http\\Request))
#57 D:\\Work\\thinkIT\\matibabu dashboard\\solution\\vendor\\laravel\\framework\\src\\Illuminate\\Foundation\\Http\\Middleware\\TransformsRequest.php(31): Illuminate\\Routing\\Pipeline->Illuminate\\Routing\\{closure}(Object(Illuminate\\Http\\Request))
#58 D:\\Work\\thinkIT\\matibabu dashboard\\solution\\vendor\\laravel\\framework\\src\\Illuminate\\Pipeline\\Pipeline.php(151): Illuminate\\Foundation\\Http\\Middleware\\TransformsRequest->handle(Object(Illuminate\\Http\\Request), Object(Closure))
#59 D:\\Work\\thinkIT\\matibabu dashboard\\solution\\vendor\\laravel\\framework\\src\\Illuminate\\Routing\\Pipeline.php(53): Illuminate\\Pipeline\\Pipeline->Illuminate\\Pipeline\\{closure}(Object(Illuminate\\Http\\Request))
#60 D:\\Work\\thinkIT\\matibabu dashboard\\solution\\vendor\\laravel\\framework\\src\\Illuminate\\Foundation\\Http\\Middleware\\TransformsRequest.php(31): Illuminate\\Routing\\Pipeline->Illuminate\\Routing\\{closure}(Object(Illuminate\\Http\\Request))
#61 D:\\Work\\thinkIT\\matibabu dashboard\\solution\\vendor\\laravel\\framework\\src\\Illuminate\\Pipeline\\Pipeline.php(151): Illuminate\\Foundation\\Http\\Middleware\\TransformsRequest->handle(Object(Illuminate\\Http\\Request), Object(Closure))
#62 D:\\Work\\thinkIT\\matibabu dashboard\\solution\\vendor\\laravel\\framework\\src\\Illuminate\\Routing\\Pipeline.php(53): Illuminate\\Pipeline\\Pipeline->Illuminate\\Pipeline\\{closure}(Object(Illuminate\\Http\\Request))
#63 D:\\Work\\thinkIT\\matibabu dashboard\\solution\\vendor\\laravel\\framework\\src\\Illuminate\\Foundation\\Http\\Middleware\\ValidatePostSize.php(27): Illuminate\\Routing\\Pipeline->Illuminate\\Routing\\{closure}(Object(Illuminate\\Http\\Request))
#64 D:\\Work\\thinkIT\\matibabu dashboard\\solution\\vendor\\laravel\\framework\\src\\Illuminate\\Pipeline\\Pipeline.php(151): Illuminate\\Foundation\\Http\\Middleware\\ValidatePostSize->handle(Object(Illuminate\\Http\\Request), Object(Closure))
#65 D:\\Work\\thinkIT\\matibabu dashboard\\solution\\vendor\\laravel\\framework\\src\\Illuminate\\Routing\\Pipeline.php(53): Illuminate\\Pipeline\\Pipeline->Illuminate\\Pipeline\\{closure}(Object(Illuminate\\Http\\Request))
#66 D:\\Work\\thinkIT\\matibabu dashboard\\solution\\vendor\\laravel\\framework\\src\\Illuminate\\Foundation\\Http\\Middleware\\CheckForMaintenanceMode.php(62): Illuminate\\Routing\\Pipeline->Illuminate\\Routing\\{closure}(Object(Illuminate\\Http\\Request))
#67 D:\\Work\\thinkIT\\matibabu dashboard\\solution\\vendor\\laravel\\framework\\src\\Illuminate\\Pipeline\\Pipeline.php(151): Illuminate\\Foundation\\Http\\Middleware\\CheckForMaintenanceMode->handle(Object(Illuminate\\Http\\Request), Object(Closure))
#68 D:\\Work\\thinkIT\\matibabu dashboard\\solution\\vendor\\laravel\\framework\\src\\Illuminate\\Routing\\Pipeline.php(53): Illuminate\\Pipeline\\Pipeline->Illuminate\\Pipeline\\{closure}(Object(Illuminate\\Http\\Request))
#69 D:\\Work\\thinkIT\\matibabu dashboard\\solution\\vendor\\laravel\\framework\\src\\Illuminate\\Pipeline\\Pipeline.php(104): Illuminate\\Routing\\Pipeline->Illuminate\\Routing\\{closure}(Object(Illuminate\\Http\\Request))
#70 D:\\Work\\thinkIT\\matibabu dashboard\\solution\\vendor\\laravel\\framework\\src\\Illuminate\\Foundation\\Http\\Kernel.php(151): Illuminate\\Pipeline\\Pipeline->then(Object(Closure))
#71 D:\\Work\\thinkIT\\matibabu dashboard\\solution\\vendor\\laravel\\framework\\src\\Illuminate\\Foundation\\Http\\Kernel.php(116): Illuminate\\Foundation\\Http\\Kernel->sendRequestThroughRouter(Object(Illuminate\\Http\\Request))
#72 D:\\Work\\thinkIT\\matibabu dashboard\\solution\\public\\index.php(52): Illuminate\\Foundation\\Http\\Kernel->handle(Object(Illuminate\\Http\\Request))
#73 D:\\Work\\thinkIT\\matibabu dashboard\\solution\\server.php(19): require_once('D:\\\\Work\\\\thinkIT...')
#74 {main}
"} 
[2018-08-30 11:58:06] local.ERROR: Route [search-results] not defined. (View: D:\Work\thinkIT\matibabu dashboard\solution\resources\views\scripts\search-results.blade.php) (View: D:\Work\thinkIT\matibabu dashboard\solution\resources\views\scripts\search-results.blade.php) {"userId":1,"email":"admin@admin.com","exception":"[object] (ErrorException(code: 0): Route [search-results] not defined. (View: D:\\Work\\thinkIT\\matibabu dashboard\\solution\esources\\views\\scripts\\search-results.blade.php) (View: D:\\Work\\thinkIT\\matibabu dashboard\\solution\esources\\views\\scripts\\search-results.blade.php) at D:\\Work\\thinkIT\\matibabu dashboard\\solution\\vendor\\laravel\\framework\\src\\Illuminate\\Routing\\UrlGenerator.php:372, ErrorException(code: 0): Route [search-results] not defined. (View: D:\\Work\\thinkIT\\matibabu dashboard\\solution\esources\\views\\scripts\\search-results.blade.php) at D:\\Work\\thinkIT\\matibabu dashboard\\solution\\vendor\\laravel\\framework\\src\\Illuminate\\Routing\\UrlGenerator.php:372, InvalidArgumentException(code: 0): Route [search-results] not defined. at D:\\Work\\thinkIT\\matibabu dashboard\\solution\\vendor\\laravel\\framework\\src\\Illuminate\\Routing\\UrlGenerator.php:372)
[stacktrace]
#0 D:\\Work\\thinkIT\\matibabu dashboard\\solution\\vendor\\laravel\\framework\\src\\Illuminate\\View\\Engines\\PhpEngine.php(45): Illuminate\\View\\Engines\\CompilerEngine->handleViewException(Object(ErrorException), 1)
#1 D:\\Work\\thinkIT\\matibabu dashboard\\solution\\vendor\\laravel\\framework\\src\\Illuminate\\View\\Engines\\CompilerEngine.php(59): Illuminate\\View\\Engines\\PhpEngine->evaluatePath('D:\\\\Work\\\\thinkIT...', Array)
#2 D:\\Work\\thinkIT\\matibabu dashboard\\solution\\vendor\\laravel\\framework\\src\\Illuminate\\View\\View.php(142): Illuminate\\View\\Engines\\CompilerEngine->get('D:\\\\Work\\\\thinkIT...', Array)
#3 D:\\Work\\thinkIT\\matibabu dashboard\\solution\\vendor\\laravel\\framework\\src\\Illuminate\\View\\View.php(125): Illuminate\\View\\View->getContents()
#4 D:\\Work\\thinkIT\\matibabu dashboard\\solution\\vendor\\laravel\\framework\\src\\Illuminate\\View\\View.php(90): Illuminate\\View\\View->renderContents()
#5 D:\\Work\\thinkIT\\matibabu dashboard\\solution\\vendor\\laravel\\framework\\src\\Illuminate\\Http\\Response.php(42): Illuminate\\View\\View->render()
#6 D:\\Work\\thinkIT\\matibabu dashboard\\solution\\vendor\\symfony\\http-foundation\\Response.php(202): Illuminate\\Http\\Response->setContent(Object(Illuminate\\View\\View))
#7 D:\\Work\\thinkIT\\matibabu dashboard\\solution\\vendor\\laravel\\framework\\src\\Illuminate\\Routing\\Router.php(733): Symfony\\Component\\HttpFoundation\\Response->__construct(Object(Illuminate\\View\\View))
#8 D:\\Work\\thinkIT\\matibabu dashboard\\solution\\vendor\\laravel\\framework\\src\\Illuminate\\Routing\\Router.php(705): Illuminate\\Routing\\Router::toResponse(Object(Illuminate\\Http\\Request), Object(Illuminate\\View\\View))
#9 D:\\Work\\thinkIT\\matibabu dashboard\\solution\\vendor\\laravel\\framework\\src\\Illuminate\\Routing\\Router.php(665): Illuminate\\Routing\\Router->prepareResponse(Object(Illuminate\\Http\\Request), Object(Illuminate\\View\\View))
#10 D:\\Work\\thinkIT\\matibabu dashboard\\solution\\vendor\\laravel\\framework\\src\\Illuminate\\Routing\\Pipeline.php(30): Illuminate\\Routing\\Router->Illuminate\\Routing\\{closure}(Object(Illuminate\\Http\\Request))
#11 D:\\Work\\thinkIT\\matibabu dashboard\\solution\\vendor\\jeremykenedy\\laravel2step\\src\\app\\Http\\Middleware\\Laravel2step.php(24): Illuminate\\Routing\\Pipeline->Illuminate\\Routing\\{closure}(Object(Illuminate\\Http\\Request))
#12 D:\\Work\\thinkIT\\matibabu dashboard\\solution\\vendor\\laravel\\framework\\src\\Illuminate\\Pipeline\\Pipeline.php(151): jeremykenedy\\laravel2step\\App\\Http\\Middleware\\Laravel2step->handle(Object(Illuminate\\Http\\Request), Object(Closure))
#13 D:\\Work\\thinkIT\\matibabu dashboard\\solution\\vendor\\laravel\\framework\\src\\Illuminate\\Routing\\Pipeline.php(53): Illuminate\\Pipeline\\Pipeline->Illuminate\\Pipeline\\{closure}(Object(Illuminate\\Http\\Request))
#14 D:\\Work\\thinkIT\\matibabu dashboard\\solution\\vendor\\jeremykenedy\\laravel-logger\\src\\app\\Http\\Middleware\\LogActivity.php(27): Illuminate\\Routing\\Pipeline->Illuminate\\Routing\\{closure}(Object(Illuminate\\Http\\Request))
#15 D:\\Work\\thinkIT\\matibabu dashboard\\solution\\vendor\\laravel\\framework\\src\\Illuminate\\Pipeline\\Pipeline.php(151): jeremykenedy\\LaravelLogger\\App\\Http\\Middleware\\LogActivity->handle(Object(Illuminate\\Http\\Request), Object(Closure))
#16 D:\\Work\\thinkIT\\matibabu dashboard\\solution\\vendor\\laravel\\framework\\src\\Illuminate\\Routing\\Pipeline.php(53): Illuminate\\Pipeline\\Pipeline->Illuminate\\Pipeline\\{closure}(Object(Illuminate\\Http\\Request))
#17 D:\\Work\\thinkIT\\matibabu dashboard\\solution\\vendor\\jeremykenedy\\laravel-roles\\src\\Middleware\\VerifyRole.php(39): Illuminate\\Routing\\Pipeline->Illuminate\\Routing\\{closure}(Object(Illuminate\\Http\\Request))
#18 D:\\Work\\thinkIT\\matibabu dashboard\\solution\\vendor\\laravel\\framework\\src\\Illuminate\\Pipeline\\Pipeline.php(151): jeremykenedy\\LaravelRoles\\Middleware\\VerifyRole->handle(Object(Illuminate\\Http\\Request), Object(Closure), 'admin')
#19 D:\\Work\\thinkIT\\matibabu dashboard\\solution\\vendor\\laravel\\framework\\src\\Illuminate\\Routing\\Pipeline.php(53): Illuminate\\Pipeline\\Pipeline->Illuminate\\Pipeline\\{closure}(Object(Illuminate\\Http\\Request))
#20 D:\\Work\\thinkIT\\matibabu dashboard\\solution\\app\\Http\\Middleware\\CheckIsUserActivated.php(83): Illuminate\\Routing\\Pipeline->Illuminate\\Routing\\{closure}(Object(Illuminate\\Http\\Request))
#21 D:\\Work\\thinkIT\\matibabu dashboard\\solution\\vendor\\laravel\\framework\\src\\Illuminate\\Pipeline\\Pipeline.php(151): App\\Http\\Middleware\\CheckIsUserActivated->handle(Object(Illuminate\\Http\\Request), Object(Closure))
#22 D:\\Work\\thinkIT\\matibabu dashboard\\solution\\vendor\\laravel\\framework\\src\\Illuminate\\Routing\\Pipeline.php(53): Illuminate\\Pipeline\\Pipeline->Illuminate\\Pipeline\\{closure}(Object(Illuminate\\Http\\Request))
#23 D:\\Work\\thinkIT\\matibabu dashboard\\solution\\vendor\\laravel\\framework\\src\\Illuminate\\Routing\\Middleware\\SubstituteBindings.php(41): Illuminate\\Routing\\Pipeline->Illuminate\\Routing\\{closure}(Object(Illuminate\\Http\\Request))
#24 D:\\Work\\thinkIT\\matibabu dashboard\\solution\\vendor\\laravel\\framework\\src\\Illuminate\\Pipeline\\Pipeline.php(151): Illuminate\\Routing\\Middleware\\SubstituteBindings->handle(Object(Illuminate\\Http\\Request), Object(Closure))
#25 D:\\Work\\thinkIT\\matibabu dashboard\\solution\\vendor\\laravel\\framework\\src\\Illuminate\\Routing\\Pipeline.php(53): Illuminate\\Pipeline\\Pipeline->Illuminate\\Pipeline\\{closure}(Object(Illuminate\\Http\\Request))
#26 D:\\Work\\thinkIT\\matibabu dashboard\\solution\\vendor\\laravel\\framework\\src\\Illuminate\\Auth\\Middleware\\Authenticate.php(43): Illuminate\\Routing\\Pipeline->Illuminate\\Routing\\{closure}(Object(Illuminate\\Http\\Request))
#27 D:\\Work\\thinkIT\\matibabu dashboard\\solution\\vendor\\laravel\\framework\\src\\Illuminate\\Pipeline\\Pipeline.php(151): Illuminate\\Auth\\Middleware\\Authenticate->handle(Object(Illuminate\\Http\\Request), Object(Closure))
#28 D:\\Work\\thinkIT\\matibabu dashboard\\solution\\vendor\\laravel\\framework\\src\\Illuminate\\Routing\\Pipeline.php(53): Illuminate\\Pipeline\\Pipeline->Illuminate\\Pipeline\\{closure}(Object(Illuminate\\Http\\Request))
#29 D:\\Work\\thinkIT\\matibabu dashboard\\solution\\vendor\\laravel\\framework\\src\\Illuminate\\Foundation\\Http\\Middleware\\VerifyCsrfToken.php(68): Illuminate\\Routing\\Pipeline->Illuminate\\Routing\\{closure}(Object(Illuminate\\Http\\Request))
#30 D:\\Work\\thinkIT\\matibabu dashboard\\solution\\vendor\\laravel\\framework\\src\\Illuminate\\Pipeline\\Pipeline.php(151): Illuminate\\Foundation\\Http\\Middleware\\VerifyCsrfToken->handle(Object(Illuminate\\Http\\Request), Object(Closure))
#31 D:\\Work\\thinkIT\\matibabu dashboard\\solution\\vendor\\laravel\\framework\\src\\Illuminate\\Routing\\Pipeline.php(53): Illuminate\\Pipeline\\Pipeline->Illuminate\\Pipeline\\{closure}(Object(Illuminate\\Http\\Request))
#32 D:\\Work\\thinkIT\\matibabu dashboard\\solution\\vendor\\laravel\\framework\\src\\Illuminate\\View\\Middleware\\ShareErrorsFromSession.php(49): Illuminate\\Routing\\Pipeline->Illuminate\\Routing\\{closure}(Object(Illuminate\\Http\\Request))
#33 D:\\Work\\thinkIT\\matibabu dashboard\\solution\\vendor\\laravel\\framework\\src\\Illuminate\\Pipeline\\Pipeline.php(151): Illuminate\\View\\Middleware\\ShareErrorsFromSession->handle(Object(Illuminate\\Http\\Request), Object(Closure))
#34 D:\\Work\\thinkIT\\matibabu dashboard\\solution\\vendor\\laravel\\framework\\src\\Illuminate\\Routing\\Pipeline.php(53): Illuminate\\Pipeline\\Pipeline->Illuminate\\Pipeline\\{closure}(Object(Illuminate\\Http\\Request))
#35 D:\\Work\\thinkIT\\matibabu dashboard\\solution\\vendor\\laravel\\framework\\src\\Illuminate\\Session\\Middleware\\StartSession.php(63): Illuminate\\Routing\\Pipeline->Illuminate\\Routing\\{closure}(Object(Illuminate\\Http\\Request))
#36 D:\\Work\\thinkIT\\matibabu dashboard\\solution\\vendor\\laravel\\framework\\src\\Illuminate\\Pipeline\\Pipeline.php(151): Illuminate\\Session\\Middleware\\StartSession->handle(Object(Illuminate\\Http\\Request), Object(Closure))
#37 D:\\Work\\thinkIT\\matibabu dashboard\\solution\\vendor\\laravel\\framework\\src\\Illuminate\\Routing\\Pipeline.php(53): Illuminate\\Pipeline\\Pipeline->Illuminate\\Pipeline\\{closure}(Object(Illuminate\\Http\\Request))
#38 D:\\Work\\thinkIT\\matibabu dashboard\\solution\\vendor\\laravel\\framework\\src\\Illuminate\\Cookie\\Middleware\\AddQueuedCookiesToResponse.php(37): Illuminate\\Routing\\Pipeline->Illuminate\\Routing\\{closure}(Object(Illuminate\\Http\\Request))
#39 D:\\Work\\thinkIT\\matibabu dashboard\\solution\\vendor\\laravel\\framework\\src\\Illuminate\\Pipeline\\Pipeline.php(151): Illuminate\\Cookie\\Middleware\\AddQueuedCookiesToResponse->handle(Object(Illuminate\\Http\\Request), Object(Closure))
#40 D:\\Work\\thinkIT\\matibabu dashboard\\solution\\vendor\\laravel\\framework\\src\\Illuminate\\Routing\\Pipeline.php(53): Illuminate\\Pipeline\\Pipeline->Illuminate\\Pipeline\\{closure}(Object(Illuminate\\Http\\Request))
#41 D:\\Work\\thinkIT\\matibabu dashboard\\solution\\vendor\\laravel\\framework\\src\\Illuminate\\Cookie\\Middleware\\EncryptCookies.php(66): Illuminate\\Routing\\Pipeline->Illuminate\\Routing\\{closure}(Object(Illuminate\\Http\\Request))
#42 D:\\Work\\thinkIT\\matibabu dashboard\\solution\\vendor\\laravel\\framework\\src\\Illuminate\\Pipeline\\Pipeline.php(151): Illuminate\\Cookie\\Middleware\\EncryptCookies->handle(Object(Illuminate\\Http\\Request), Object(Closure))
#43 D:\\Work\\thinkIT\\matibabu dashboard\\solution\\vendor\\laravel\\framework\\src\\Illuminate\\Routing\\Pipeline.php(53): Illuminate\\Pipeline\\Pipeline->Illuminate\\Pipeline\\{closure}(Object(Illuminate\\Http\\Request))
#44 D:\\Work\\thinkIT\\matibabu dashboard\\solution\\vendor\\laravel\\framework\\src\\Illuminate\\Pipeline\\Pipeline.php(104): Illuminate\\Routing\\Pipeline->Illuminate\\Routing\\{closure}(Object(Illuminate\\Http\\Request))
#45 D:\\Work\\thinkIT\\matibabu dashboard\\solution\\vendor\\laravel\\framework\\src\\Illuminate\\Routing\\Router.php(667): Illuminate\\Pipeline\\Pipeline->then(Object(Closure))
#46 D:\\Work\\thinkIT\\matibabu dashboard\\solution\\vendor\\laravel\\framework\\src\\Illuminate\\Routing\\Router.php(642): Illuminate\\Routing\\Router->runRouteWithinStack(Object(Illuminate\\Routing\\Route), Object(Illuminate\\Http\\Request))
#47 D:\\Work\\thinkIT\\matibabu dashboard\\solution\\vendor\\laravel\\framework\\src\\Illuminate\\Routing\\Router.php(608): Illuminate\\Routing\\Router->runRoute(Object(Illuminate\\Http\\Request), Object(Illuminate\\Routing\\Route))
#48 D:\\Work\\thinkIT\\matibabu dashboard\\solution\\vendor\\laravel\\framework\\src\\Illuminate\\Routing\\Router.php(597): Illuminate\\Routing\\Router->dispatchToRoute(Object(Illuminate\\Http\\Request))
#49 D:\\Work\\thinkIT\\matibabu dashboard\\solution\\vendor\\laravel\\framework\\src\\Illuminate\\Foundation\\Http\\Kernel.php(176): Illuminate\\Routing\\Router->dispatch(Object(Illuminate\\Http\\Request))
#50 D:\\Work\\thinkIT\\matibabu dashboard\\solution\\vendor\\laravel\\framework\\src\\Illuminate\\Routing\\Pipeline.php(30): Illuminate\\Foundation\\Http\\Kernel->Illuminate\\Foundation\\Http\\{closure}(Object(Illuminate\\Http\\Request))
#51 D:\\Work\\thinkIT\\matibabu dashboard\\solution\\vendor\\barryvdh\\laravel-debugbar\\src\\Middleware\\InjectDebugbar.php(65): Illuminate\\Routing\\Pipeline->Illuminate\\Routing\\{closure}(Object(Illuminate\\Http\\Request))
#52 D:\\Work\\thinkIT\\matibabu dashboard\\solution\\vendor\\laravel\\framework\\src\\Illuminate\\Pipeline\\Pipeline.php(151): Barryvdh\\Debugbar\\Middleware\\InjectDebugbar->handle(Object(Illuminate\\Http\\Request), Object(Closure))
#53 D:\\Work\\thinkIT\\matibabu dashboard\\solution\\vendor\\laravel\\framework\\src\\Illuminate\\Routing\\Pipeline.php(53): Illuminate\\Pipeline\\Pipeline->Illuminate\\Pipeline\\{closure}(Object(Illuminate\\Http\\Request))
#54 D:\\Work\\thinkIT\\matibabu dashboard\\solution\\vendor\\fideloper\\proxy\\src\\TrustProxies.php(57): Illuminate\\Routing\\Pipeline->Illuminate\\Routing\\{closure}(Object(Illuminate\\Http\\Request))
#55 D:\\Work\\thinkIT\\matibabu dashboard\\solution\\vendor\\laravel\\framework\\src\\Illuminate\\Pipeline\\Pipeline.php(151): Fideloper\\Proxy\\TrustProxies->handle(Object(Illuminate\\Http\\Request), Object(Closure))
#56 D:\\Work\\thinkIT\\matibabu dashboard\\solution\\vendor\\laravel\\framework\\src\\Illuminate\\Routing\\Pipeline.php(53): Illuminate\\Pipeline\\Pipeline->Illuminate\\Pipeline\\{closure}(Object(Illuminate\\Http\\Request))
#57 D:\\Work\\thinkIT\\matibabu dashboard\\solution\\vendor\\laravel\\framework\\src\\Illuminate\\Foundation\\Http\\Middleware\\TransformsRequest.php(31): Illuminate\\Routing\\Pipeline->Illuminate\\Routing\\{closure}(Object(Illuminate\\Http\\Request))
#58 D:\\Work\\thinkIT\\matibabu dashboard\\solution\\vendor\\laravel\\framework\\src\\Illuminate\\Pipeline\\Pipeline.php(151): Illuminate\\Foundation\\Http\\Middleware\\TransformsRequest->handle(Object(Illuminate\\Http\\Request), Object(Closure))
#59 D:\\Work\\thinkIT\\matibabu dashboard\\solution\\vendor\\laravel\\framework\\src\\Illuminate\\Routing\\Pipeline.php(53): Illuminate\\Pipeline\\Pipeline->Illuminate\\Pipeline\\{closure}(Object(Illuminate\\Http\\Request))
#60 D:\\Work\\thinkIT\\matibabu dashboard\\solution\\vendor\\laravel\\framework\\src\\Illuminate\\Foundation\\Http\\Middleware\\TransformsRequest.php(31): Illuminate\\Routing\\Pipeline->Illuminate\\Routing\\{closure}(Object(Illuminate\\Http\\Request))
#61 D:\\Work\\thinkIT\\matibabu dashboard\\solution\\vendor\\laravel\\framework\\src\\Illuminate\\Pipeline\\Pipeline.php(151): Illuminate\\Foundation\\Http\\Middleware\\TransformsRequest->handle(Object(Illuminate\\Http\\Request), Object(Closure))
#62 D:\\Work\\thinkIT\\matibabu dashboard\\solution\\vendor\\laravel\\framework\\src\\Illuminate\\Routing\\Pipeline.php(53): Illuminate\\Pipeline\\Pipeline->Illuminate\\Pipeline\\{closure}(Object(Illuminate\\Http\\Request))
#63 D:\\Work\\thinkIT\\matibabu dashboard\\solution\\vendor\\laravel\\framework\\src\\Illuminate\\Foundation\\Http\\Middleware\\ValidatePostSize.php(27): Illuminate\\Routing\\Pipeline->Illuminate\\Routing\\{closure}(Object(Illuminate\\Http\\Request))
#64 D:\\Work\\thinkIT\\matibabu dashboard\\solution\\vendor\\laravel\\framework\\src\\Illuminate\\Pipeline\\Pipeline.php(151): Illuminate\\Foundation\\Http\\Middleware\\ValidatePostSize->handle(Object(Illuminate\\Http\\Request), Object(Closure))
#65 D:\\Work\\thinkIT\\matibabu dashboard\\solution\\vendor\\laravel\\framework\\src\\Illuminate\\Routing\\Pipeline.php(53): Illuminate\\Pipeline\\Pipeline->Illuminate\\Pipeline\\{closure}(Object(Illuminate\\Http\\Request))
#66 D:\\Work\\thinkIT\\matibabu dashboard\\solution\\vendor\\laravel\\framework\\src\\Illuminate\\Foundation\\Http\\Middleware\\CheckForMaintenanceMode.php(62): Illuminate\\Routing\\Pipeline->Illuminate\\Routing\\{closure}(Object(Illuminate\\Http\\Request))
#67 D:\\Work\\thinkIT\\matibabu dashboard\\solution\\vendor\\laravel\\framework\\src\\Illuminate\\Pipeline\\Pipeline.php(151): Illuminate\\Foundation\\Http\\Middleware\\CheckForMaintenanceMode->handle(Object(Illuminate\\Http\\Request), Object(Closure))
#68 D:\\Work\\thinkIT\\matibabu dashboard\\solution\\vendor\\laravel\\framework\\src\\Illuminate\\Routing\\Pipeline.php(53): Illuminate\\Pipeline\\Pipeline->Illuminate\\Pipeline\\{closure}(Object(Illuminate\\Http\\Request))
#69 D:\\Work\\thinkIT\\matibabu dashboard\\solution\\vendor\\laravel\\framework\\src\\Illuminate\\Pipeline\\Pipeline.php(104): Illuminate\\Routing\\Pipeline->Illuminate\\Routing\\{closure}(Object(Illuminate\\Http\\Request))
#70 D:\\Work\\thinkIT\\matibabu dashboard\\solution\\vendor\\laravel\\framework\\src\\Illuminate\\Foundation\\Http\\Kernel.php(151): Illuminate\\Pipeline\\Pipeline->then(Object(Closure))
#71 D:\\Work\\thinkIT\\matibabu dashboard\\solution\\vendor\\laravel\\framework\\src\\Illuminate\\Foundation\\Http\\Kernel.php(116): Illuminate\\Foundation\\Http\\Kernel->sendRequestThroughRouter(Object(Illuminate\\Http\\Request))
#72 D:\\Work\\thinkIT\\matibabu dashboard\\solution\\public\\index.php(52): Illuminate\\Foundation\\Http\\Kernel->handle(Object(Illuminate\\Http\\Request))
#73 D:\\Work\\thinkIT\\matibabu dashboard\\solution\\server.php(19): require_once('D:\\\\Work\\\\thinkIT...')
#74 {main}
"} 
[2018-08-30 11:58:59] local.INFO: User Logged Out.  ["[object] (App\\Models\\User: {\"id\":1,\"name\":\"adriana40\",\"first_name\":\"Salvatore\",\"last_name\":\"Strosin\",\"email\":\"admin@admin.com\",\"signup_ip_address\":null,\"signup_confirmation_ip_address\":\"64.42.85.102\",\"signup_sm_ip_address\":null,\"admin_ip_address\":\"79.46.47.17\",\"updated_ip_address\":null,\"deleted_ip_address\":null,\"created_at\":\"2018-08-23 20:39:46\",\"updated_at\":\"2018-08-23 20:39:46\",\"deleted_at\":null})"] 
